<?xml version="1.0" encoding="UTF-8"?>
<!-- Generated by org.testng.reporters.JUnitXMLReporter -->
<testsuite hostname="DESKTOP-ESENG68" name="sample test" tests="4" failures="1" timestamp="5 Sep 2017 10:14:31 GMT" time="73.548" errors="0">
  <testcase name="verifyHomePage" time="0.019" classname="com.uptake.tests.HomePageTests"/>
  <testcase name="verifyAboutPage" time="0.139" classname="com.uptake.tests.AboutPageTests">
    <failure type="java.lang.AssertionError" message="About page title doesn&amp;apos;t match expected [true] but found [false]">
      <![CDATA[java.lang.AssertionError: About page title doesn't match expected [true] but found [false]
	at com.uptake.tests.AboutPageTests.verifyAboutPage(AboutPageTests.java:25)
... Removed 27 stack frames]]>
    </failure>
  </testcase> <!-- verifyAboutPage -->
  <testcase name="verifyBlogPage" time="11.82" classname="com.uptake.tests.BlogPageTests"/>
  <testcase name="verifyNewsRoomPage" time="5.136" classname="com.uptake.tests.NewsRoomPageTests"/>
</testsuite> <!-- sample test -->
