<?xml version="1.0" encoding="UTF-8"?>
<testng-results skipped="0" failed="1" total="4" passed="3">
  <reporter-output>
  </reporter-output>
  <suite name="Page Object test example" duration-ms="73548" started-at="2017-09-05T10:13:18Z" finished-at="2017-09-05T10:14:31Z">
    <groups>
    </groups>
    <test name="sample test" duration-ms="73548" started-at="2017-09-05T10:13:18Z" finished-at="2017-09-05T10:14:31Z">
      <class name="com.uptake.tests.BlogPageTests">
        <test-method status="PASS" signature="initializeTestBaseSetup(java.lang.String, java.lang.String)[pri:0, instance:com.uptake.tests.BlogPageTests@ae45eb6]" name="initializeTestBaseSetup" is-config="true" duration-ms="13754" started-at="2017-09-05T15:43:46Z" finished-at="2017-09-05T15:44:00Z">
          <params>
            <param index="0">
              <value>
                <![CDATA[chrome]]>
              </value>
            </param>
            <param index="1">
              <value>
                <![CDATA[https://uptake.com/]]>
              </value>
            </param>
          </params>
          <reporter-output>
          </reporter-output>
        </test-method> <!-- initializeTestBaseSetup -->
        <test-method status="PASS" signature="setUp()[pri:0, instance:com.uptake.tests.BlogPageTests@ae45eb6]" name="setUp" is-config="true" duration-ms="3" started-at="2017-09-05T15:44:00Z" finished-at="2017-09-05T15:44:00Z">
          <reporter-output>
          </reporter-output>
        </test-method> <!-- setUp -->
        <test-method status="PASS" signature="verifyBlogPage()[pri:0, instance:com.uptake.tests.BlogPageTests@ae45eb6]" name="verifyBlogPage" duration-ms="11820" started-at="2017-09-05T15:44:00Z" finished-at="2017-09-05T15:44:12Z">
          <reporter-output>
          </reporter-output>
        </test-method> <!-- verifyBlogPage -->
        <test-method status="PASS" signature="tearDown()[pri:0, instance:com.uptake.tests.BlogPageTests@ae45eb6]" name="tearDown" is-config="true" duration-ms="827" started-at="2017-09-05T15:44:12Z" finished-at="2017-09-05T15:44:13Z">
          <reporter-output>
          </reporter-output>
        </test-method> <!-- tearDown -->
      </class> <!-- com.uptake.tests.BlogPageTests -->
      <class name="com.uptake.tests.NewsRoomPageTests">
        <test-method status="PASS" signature="initializeTestBaseSetup(java.lang.String, java.lang.String)[pri:0, instance:com.uptake.tests.NewsRoomPageTests@6093dd95]" name="initializeTestBaseSetup" is-config="true" duration-ms="12932" started-at="2017-09-05T15:44:13Z" finished-at="2017-09-05T15:44:25Z">
          <params>
            <param index="0">
              <value>
                <![CDATA[chrome]]>
              </value>
            </param>
            <param index="1">
              <value>
                <![CDATA[https://uptake.com/]]>
              </value>
            </param>
          </params>
          <reporter-output>
          </reporter-output>
        </test-method> <!-- initializeTestBaseSetup -->
        <test-method status="PASS" signature="setUp()[pri:0, instance:com.uptake.tests.NewsRoomPageTests@6093dd95]" name="setUp" is-config="true" duration-ms="4" started-at="2017-09-05T15:44:25Z" finished-at="2017-09-05T15:44:25Z">
          <reporter-output>
          </reporter-output>
        </test-method> <!-- setUp -->
        <test-method status="PASS" signature="verifyNewsRoomPage()[pri:0, instance:com.uptake.tests.NewsRoomPageTests@6093dd95]" name="verifyNewsRoomPage" duration-ms="5136" started-at="2017-09-05T15:44:25Z" finished-at="2017-09-05T15:44:31Z">
          <reporter-output>
          </reporter-output>
        </test-method> <!-- verifyNewsRoomPage -->
        <test-method status="PASS" signature="tearDown()[pri:0, instance:com.uptake.tests.NewsRoomPageTests@6093dd95]" name="tearDown" is-config="true" duration-ms="823" started-at="2017-09-05T15:44:31Z" finished-at="2017-09-05T15:44:31Z">
          <reporter-output>
          </reporter-output>
        </test-method> <!-- tearDown -->
      </class> <!-- com.uptake.tests.NewsRoomPageTests -->
      <class name="com.uptake.tests.HomePageTests">
        <test-method status="PASS" signature="initializeTestBaseSetup(java.lang.String, java.lang.String)[pri:0, instance:com.uptake.tests.HomePageTests@7cd62f43]" name="initializeTestBaseSetup" is-config="true" duration-ms="14046" started-at="2017-09-05T15:43:18Z" finished-at="2017-09-05T15:43:32Z">
          <params>
            <param index="0">
              <value>
                <![CDATA[chrome]]>
              </value>
            </param>
            <param index="1">
              <value>
                <![CDATA[https://uptake.com/]]>
              </value>
            </param>
          </params>
          <reporter-output>
          </reporter-output>
        </test-method> <!-- initializeTestBaseSetup -->
        <test-method status="PASS" signature="setUp()[pri:0, instance:com.uptake.tests.HomePageTests@7cd62f43]" name="setUp" is-config="true" duration-ms="6" started-at="2017-09-05T15:43:32Z" finished-at="2017-09-05T15:43:32Z">
          <reporter-output>
          </reporter-output>
        </test-method> <!-- setUp -->
        <test-method status="PASS" signature="verifyHomePage()[pri:0, instance:com.uptake.tests.HomePageTests@7cd62f43]" name="verifyHomePage" duration-ms="19" started-at="2017-09-05T15:43:32Z" finished-at="2017-09-05T15:43:32Z">
          <reporter-output>
          </reporter-output>
        </test-method> <!-- verifyHomePage -->
        <test-method status="PASS" signature="tearDown()[pri:0, instance:com.uptake.tests.HomePageTests@7cd62f43]" name="tearDown" is-config="true" duration-ms="957" started-at="2017-09-05T15:43:32Z" finished-at="2017-09-05T15:43:33Z">
          <reporter-output>
          </reporter-output>
        </test-method> <!-- tearDown -->
      </class> <!-- com.uptake.tests.HomePageTests -->
      <class name="com.uptake.tests.AboutPageTests">
        <test-method status="PASS" signature="initializeTestBaseSetup(java.lang.String, java.lang.String)[pri:0, instance:com.uptake.tests.AboutPageTests@6a41eaa2]" name="initializeTestBaseSetup" is-config="true" duration-ms="12254" started-at="2017-09-05T15:43:33Z" finished-at="2017-09-05T15:43:45Z">
          <params>
            <param index="0">
              <value>
                <![CDATA[chrome]]>
              </value>
            </param>
            <param index="1">
              <value>
                <![CDATA[https://uptake.com/]]>
              </value>
            </param>
          </params>
          <reporter-output>
          </reporter-output>
        </test-method> <!-- initializeTestBaseSetup -->
        <test-method status="PASS" signature="setUp()[pri:0, instance:com.uptake.tests.AboutPageTests@6a41eaa2]" name="setUp" is-config="true" duration-ms="3" started-at="2017-09-05T15:43:45Z" finished-at="2017-09-05T15:43:45Z">
          <reporter-output>
          </reporter-output>
        </test-method> <!-- setUp -->
        <test-method status="FAIL" signature="verifyAboutPage()[pri:0, instance:com.uptake.tests.AboutPageTests@6a41eaa2]" name="verifyAboutPage" duration-ms="139" started-at="2017-09-05T15:43:45Z" finished-at="2017-09-05T15:43:45Z">
          <exception class="java.lang.AssertionError">
            <message>
              <![CDATA[About page title doesn't match expected [true] but found [false]]]>
            </message>
            <full-stacktrace>
              <![CDATA[java.lang.AssertionError: About page title doesn't match expected [true] but found [false]
	at org.testng.Assert.fail(Assert.java:94)
	at org.testng.Assert.failNotEquals(Assert.java:494)
	at org.testng.Assert.assertTrue(Assert.java:42)
	at com.uptake.tests.AboutPageTests.verifyAboutPage(AboutPageTests.java:25)
	at sun.reflect.NativeMethodAccessorImpl.invoke0(Native Method)
	at sun.reflect.NativeMethodAccessorImpl.invoke(Unknown Source)
	at sun.reflect.DelegatingMethodAccessorImpl.invoke(Unknown Source)
	at java.lang.reflect.Method.invoke(Unknown Source)
	at org.testng.internal.MethodInvocationHelper.invokeMethod(MethodInvocationHelper.java:80)
	at org.testng.internal.Invoker.invokeMethod(Invoker.java:714)
	at org.testng.internal.Invoker.invokeTestMethod(Invoker.java:901)
	at org.testng.internal.Invoker.invokeTestMethods(Invoker.java:1231)
	at org.testng.internal.TestMethodWorker.invokeTestMethods(TestMethodWorker.java:127)
	at org.testng.internal.TestMethodWorker.run(TestMethodWorker.java:111)
	at org.testng.TestRunner.privateRun(TestRunner.java:767)
	at org.testng.TestRunner.run(TestRunner.java:617)
	at org.testng.SuiteRunner.runTest(SuiteRunner.java:334)
	at org.testng.SuiteRunner.runSequentially(SuiteRunner.java:329)
	at org.testng.SuiteRunner.privateRun(SuiteRunner.java:291)
	at org.testng.SuiteRunner.run(SuiteRunner.java:240)
	at org.testng.SuiteRunnerWorker.runSuite(SuiteRunnerWorker.java:52)
	at org.testng.SuiteRunnerWorker.run(SuiteRunnerWorker.java:86)
	at org.testng.TestNG.runSuitesSequentially(TestNG.java:1198)
	at org.testng.TestNG.runSuitesLocally(TestNG.java:1123)
	at org.testng.TestNG.run(TestNG.java:1031)
	at org.testng.remote.AbstractRemoteTestNG.run(AbstractRemoteTestNG.java:132)
	at org.testng.remote.RemoteTestNG.initAndRun(RemoteTestNG.java:230)
	at org.testng.remote.RemoteTestNG.main(RemoteTestNG.java:76)
]]>
            </full-stacktrace>
          </exception> <!-- java.lang.AssertionError -->
          <reporter-output>
          </reporter-output>
        </test-method> <!-- verifyAboutPage -->
        <test-method status="PASS" signature="tearDown()[pri:0, instance:com.uptake.tests.AboutPageTests@6a41eaa2]" name="tearDown" is-config="true" duration-ms="800" started-at="2017-09-05T15:43:45Z" finished-at="2017-09-05T15:43:46Z">
          <reporter-output>
          </reporter-output>
        </test-method> <!-- tearDown -->
      </class> <!-- com.uptake.tests.AboutPageTests -->
    </test> <!-- sample test -->
  </suite> <!-- Page Object test example -->
</testng-results>
